# JRE version: Java(TM) SE Runtime Environment (17.0+35) (build 17+35-LTS-2724)
# Java VM: Java HotSpot(TM) 64-Bit Server VM (17+35-LTS-2724, mixed mode, sharing, tiered, compressed oops, compressed class ptrs, g1 gc, windows-amd64)
GC Precious Log:
 CPUs: 8 total, 8 available
 Memory: 8025M
 Large Page Support: Disabled
 NUMA Support: Disabled
 Compressed Oops: Enabled (32-bit)
 Heap Region Size: 1M
 Heap Min Capacity: 8M
 Heap Initial Capacity: 126M
 Heap Max Capacity: 2008M
 Pre-touch: Disabled
 Parallel Workers: 8
 Concurrent Workers: 2
 Concurrent Refinement Workers: 8
 Periodic GC: Disabled
Heap:
 garbage-first heap   total 45056K, used 19260K [0x0000000082800000, 0x0000000100000000)
  region size 1024K, 1 young (1024K), 1 survivors (1024K)
 Metaspace       used 35878K, committed 36160K, reserved 1081344K
  class space    used 4706K, committed 4864K, reserved 1048576K
GC Heap History (20 events):
Event: 1.107 GC heap after
{Heap after GC invocations=1 (full 0):
 garbage-first heap   total 129024K, used 5163K [0x0000000082800000, 0x0000000100000000)
  region size 1024K, 3 young (3072K), 3 survivors (3072K)
 Metaspace       used 7957K, committed 8064K, reserved 1064960K
  class space    used 972K, committed 1024K, reserved 1048576K
}
Event: 2.405 GC heap before
{Heap before GC invocations=1 (full 0):
 garbage-first heap   total 129024K, used 37931K [0x0000000082800000, 0x0000000100000000)
  region size 1024K, 35 young (35840K), 3 survivors (3072K)
 Metaspace       used 17828K, committed 18048K, reserved 1064960K
  class space    used 2327K, committed 2432K, reserved 1048576K
}
Event: 2.415 GC heap after
{Heap after GC invocations=2 (full 0):
 garbage-first heap   total 129024K, used 8827K [0x0000000082800000, 0x0000000100000000)
  region size 1024K, 4 young (4096K), 4 survivors (4096K)
 Metaspace       used 17828K, committed 18048K, reserved 1064960K
  class space    used 2327K, committed 2432K, reserved 1048576K
}
Event: 3.096 GC heap before
{Heap before GC invocations=2 (full 0):
 garbage-first heap   total 129024K, used 28283K [0x0000000082800000, 0x0000000100000000)
  region size 1024K, 24 young (24576K), 4 survivors (4096K)
 Metaspace       used 21264K, committed 21504K, reserved 1073152K
  class space    used 2702K, committed 2816K, reserved 1048576K
}
Event: 3.101 GC heap after
{Heap after GC invocations=3 (full 0):
 garbage-first heap   total 129024K, used 11338K [0x0000000082800000, 0x0000000100000000)
  region size 1024K, 6 young (6144K), 6 survivors (6144K)
 Metaspace       used 21264K, committed 21504K, reserved 1073152K
  class space    used 2702K, committed 2816K, reserved 1048576K
}
Event: 4.093 GC heap before
{Heap before GC invocations=4 (full 0):
 garbage-first heap   total 45056K, used 31818K [0x0000000082800000, 0x0000000100000000)
  region size 1024K, 26 young (26624K), 6 survivors (6144K)
 Metaspace       used 27383K, committed 27584K, reserved 1073152K
  class space    used 3599K, committed 3712K, reserved 1048576K
}
Event: 4.100 GC heap after
{Heap after GC invocations=5 (full 0):
 garbage-first heap   total 45056K, used 11671K [0x0000000082800000, 0x0000000100000000)
  region size 1024K, 2 young (2048K), 2 survivors (2048K)
 Metaspace       used 27383K, committed 27584K, reserved 1073152K
  class space    used 3599K, committed 3712K, reserved 1048576K
}
Event: 4.118 GC heap before
{Heap before GC invocations=5 (full 0):
 garbage-first heap   total 45056K, used 12695K [0x0000000082800000, 0x0000000100000000)
  region size 1024K, 3 young (3072K), 2 survivors (2048K)
 Metaspace       used 27666K, committed 27904K, reserved 1073152K
  class space    used 3643K, committed 3776K, reserved 1048576K
}
Event: 4.120 GC heap after
{Heap after GC invocations=6 (full 0):
 garbage-first heap   total 45056K, used 12037K [0x0000000082800000, 0x0000000100000000)
  region size 1024K, 1 young (1024K), 1 survivors (1024K)
 Metaspace       used 27666K, committed 27904K, reserved 1073152K
  class space    used 3643K, committed 3776K, reserved 1048576K
}
Event: 5.508 GC heap before
{Heap before GC invocations=6 (full 0):
 garbage-first heap   total 45056K, used 32517K [0x0000000082800000, 0x0000000100000000)
  region size 1024K, 21 young (21504K), 1 survivors (1024K)
 Metaspace       used 33893K, committed 34176K, reserved 1081344K
  class space    used 4472K, committed 4608K, reserved 1048576K
}
Event: 5.517 GC heap after
{Heap after GC invocations=7 (full 0):
 garbage-first heap   total 45056K, used 14068K [0x0000000082800000, 0x0000000100000000)
  region size 1024K, 3 young (3072K), 3 survivors (3072K)
 Metaspace       used 33893K, committed 34176K, reserved 1081344K
  class space    used 4472K, committed 4608K, reserved 1048576K
}
Event: 13.691 GC heap before
{Heap before GC invocations=7 (full 0):
 garbage-first heap   total 45056K, used 25332K [0x0000000082800000, 0x0000000100000000)
  region size 1024K, 15 young (15360K), 3 survivors (3072K)
 Metaspace       used 35697K, committed 35968K, reserved 1081344K
  class space    used 4688K, committed 4864K, reserved 1048576K
}
Event: 13.699 GC heap after
{Heap after GC invocations=8 (full 0):
 garbage-first heap   total 45056K, used 15291K [0x0000000082800000, 0x0000000100000000)
  region size 1024K, 2 young (2048K), 2 survivors (2048K)
 Metaspace       used 35697K, committed 35968K, reserved 1081344K
  class space    used 4688K, committed 4864K, reserved 1048576K
}
Event: 19.569 GC heap before
{Heap before GC invocations=9 (full 0):
 garbage-first heap   total 45056K, used 31675K [0x0000000082800000, 0x0000000100000000)
  region size 1024K, 19 young (19456K), 2 survivors (2048K)
 Metaspace       used 35877K, committed 36160K, reserved 1081344K
  class space    used 4706K, committed 4864K, reserved 1048576K
}
Event: 19.574 GC heap after
{Heap after GC invocations=10 (full 0):
 garbage-first heap   total 45056K, used 15859K [0x0000000082800000, 0x0000000100000000)
  region size 1024K, 2 young (2048K), 2 survivors (2048K)
 Metaspace       used 35877K, committed 36160K, reserved 1081344K
  class space    used 4706K, committed 4864K, reserved 1048576K
}
Event: 19.582 GC heap before
{Heap before GC invocations=10 (full 0):
 garbage-first heap   total 45056K, used 22003K [0x0000000082800000, 0x0000000100000000)
  region size 1024K, 3 young (3072K), 2 survivors (2048K)
 Metaspace       used 35878K, committed 36160K, reserved 1081344K
  class space    used 4706K, committed 4864K, reserved 1048576K
}
Event: 19.583 GC heap after
{Heap after GC invocations=11 (full 0):
 garbage-first heap   total 45056K, used 18336K [0x0000000082800000, 0x0000000100000000)
  region size 1024K, 1 young (1024K), 1 survivors (1024K)
 Metaspace       used 35878K, committed 36160K, reserved 1081344K
  class space    used 4706K, committed 4864K, reserved 1048576K
}
Event: 19.629 GC heap before
{Heap before GC invocations=11 (full 0):
 garbage-first heap   total 45056K, used 26528K [0x0000000082800000, 0x0000000100000000)
  region size 1024K, 9 young (9216K), 1 survivors (1024K)
 Metaspace       used 35878K, committed 36160K, reserved 1081344K
  class space    used 4706K, committed 4864K, reserved 1048576K
}
Event: 19.631 GC heap after
{Heap after GC invocations=12 (full 0):
 garbage-first heap   total 45056K, used 18545K [0x0000000082800000, 0x0000000100000000)
  region size 1024K, 1 young (1024K), 1 survivors (1024K)
 Metaspace       used 35878K, committed 36160K, reserved 1081344K
  class space    used 4706K, committed 4864K, reserved 1048576K
}
Event: 19.665 GC heap before
{Heap before GC invocations=12 (full 0):
 garbage-first heap   total 45056K, used 25713K [0x0000000082800000, 0x0000000100000000)
  region size 1024K, 8 young (8192K), 1 survivors (1024K)
 Metaspace       used 35878K, committed 36160K, reserved 1081344K
  class space    used 4706K, committed 4864K, reserved 1048576K
}

